<?xml version="1.0" encoding="UTF-8"?>
<!-- Generated by org.testng.reporters.JUnitReportReporter -->
<testsuite hostname="SANDEEPINI" name="com.actitime.test.CustomerModule2" tests="1" failures="0" timestamp="19 Feb 2020 10:46:09 GMT" time="20.703" errors="0">
  <testcase name="editCustumer" time="20.703" classname="com.actitime.test.CustomerModule2"/>
</testsuite> <!-- com.actitime.test.CustomerModule2 -->
