<?xml version="1.0" encoding="UTF-8"?>
<!-- Generated by org.testng.reporters.JUnitReportReporter -->
<testsuite hostname="SANDEEPINI" name="com.actitime.test.CreateCustomer" tests="1" failures="0" timestamp="14 Feb 2020 09:37:22 GMT" time="0.026" errors="0">
  <testcase name="testDemo" time="0.026" classname="com.actitime.test.CreateCustomer"/>
</testsuite> <!-- com.actitime.test.CreateCustomer -->
