<?xml version="1.0" encoding="UTF-8"?>
<!-- Generated by org.testng.reporters.JUnitReportReporter -->
<testsuite hostname="SANDEEPINI" name="com.actitime.test.ValidLogin" tests="1" failures="0" timestamp="25 Feb 2020 10:53:17 GMT" time="6.876" errors="0">
  <testcase name="testValidLogin" time="6.876" classname="com.actitime.test.ValidLogin"/>
</testsuite> <!-- com.actitime.test.ValidLogin -->
